Loaded config: /home/kenzhayd/projects/def-vhenault/kenzhayd/Ocen_IMBH_Mock_Analysis/configs/mock_default_2.toml
Mock data fitting: generating synthetic data from config parameterset
[ Info: Preparing model
┌ Info: Determined number of free variables
└   D = 49
┌ Info: Determined number type
└   T = Float64
ℓπcallback(θ): 0.000048 seconds
∇ℓπcallback(θ): 0.002216 seconds (7 allocations: 181.062 KiB)
Observations written to /home/kenzhayd/projects/def-vhenault/kenzhayd/Ocen_IMBH_Mock_Analysis/configs/../mock_results/run_outputs/starsACDEF_192c_18r_13007258_observations.toml
Run summary written to /home/kenzhayd/projects/def-vhenault/kenzhayd/Ocen_IMBH_Mock_Analysis/configs/../mock_results/run_outputs/starsACDEF_192c_18r_13007258_summary.md
┌ Warning: This model has priors that cannot be sampled IID.
└ @ OctofitterPigeonsExt ~/projects/def-vhenault/kenzhayd/Octofitter_imbh.jl/ext/OctofitterPigeonsExt/OctofitterPigeonsExt.jl:105
[ Info: Sampler running with multiple threads     : true
[ Info: Likelihood evaluated with multiple threads: false
┌ Info: Starting values not provided for all parameters! Guessing starting point using global optimization:
│   num_params = 49
└   num_fixed = 0
┌ Info: Found sample of initial positions
│   logpost_range = (-102.719628220871, -85.8503445871105)
└   mean_logpost = -96.60593814286449
────────────────────────────────────────────────────────────────────────────────────────────────────────────────────────
  scans     restarts      Λ        Λ_var      time(s)    allc(B)  log(Z₁/Z₀)   min(α)     mean(α)    min(αₑ)   mean(αₑ) 
────────── ────────── ────────── ────────── ────────── ────────── ────────── ────────── ────────── ────────── ──────────
        2          0       9.51       8.83       1.31    6.4e+07  -8.02e+07          0      0.952          1          1 
        4          0       12.3       11.1       0.59   2.78e+06  -1.33e+06          0      0.939          1          1 
        8          0       17.3       15.4       1.17   5.63e+06  -9.82e+03          0      0.915          1          1 
       16          0       21.6       22.4       2.35   1.11e+07  -3.23e+03          0      0.885          1          1 
       32          0       24.5       24.1       4.86   1.96e+07       -199   1.31e-61      0.873          1          1 
       64          0       26.3         15       11.4   2.74e+09       -249   2.32e-13      0.892          1          1 
      128          0       28.2       14.7       21.9   5.63e+09       -194     0.0349      0.888          1          1 
      256          0         29       15.4       44.3   1.16e+10       -190      0.237      0.884          1          1 
      512          0       29.8       15.8       87.4   2.28e+10       -196      0.595      0.881          1          1 
 1.02e+03          0       30.2       16.1        175    4.6e+10       -185      0.801      0.879          1          1 
 2.05e+03          1       30.5       16.8        345    9.1e+10       -193      0.784      0.877          1          1 
  4.1e+03          3       30.7       16.7        685    1.8e+11       -191      0.794      0.876          1          1 
 8.19e+03         22       30.9       17.4   1.37e+03   3.56e+11       -190      0.821      0.874          1          1 
 1.64e+04         74         31       17.6   2.71e+03   7.02e+11       -189      0.809      0.873          1          1 
 3.28e+04        198       31.1       18.5   5.44e+03    1.4e+12       -188      0.827      0.871          1          1 
 6.55e+04        436       31.2         19   1.12e+04   2.77e+12       -187      0.821      0.869          1          1 
 1.31e+05        844       31.3       19.3   2.24e+04   5.47e+12       -186      0.823      0.868          1          1 
