Loaded config: /home/kenzhayd/projects/def-vhenault/kenzhayd/Ocen_IMBH_Mock_Analysis/configs/mock_default_2.toml
Mock data fitting: generating synthetic data from config parameterset
[ Info: Preparing model
┌ Info: Determined number of free variables
└   D = 49
┌ Info: Determined number type
└   T = Float64
ℓπcallback(θ): 0.000046 seconds
∇ℓπcallback(θ): 0.002254 seconds (7 allocations: 181.062 KiB)
Observations written to /home/kenzhayd/projects/def-vhenault/kenzhayd/Ocen_IMBH_Mock_Analysis/configs/../mock_results/run_outputs/starsACDEF_192c_16r_13090670_observations.toml
Run summary written to /home/kenzhayd/projects/def-vhenault/kenzhayd/Ocen_IMBH_Mock_Analysis/configs/../mock_results/run_outputs/starsACDEF_192c_16r_13090670_summary.md
┌ Warning: This model has priors that cannot be sampled IID.
└ @ OctofitterPigeonsExt ~/projects/def-vhenault/kenzhayd/Octofitter_imbh.jl/ext/OctofitterPigeonsExt/OctofitterPigeonsExt.jl:105
[ Info: Sampler running with multiple threads     : true
[ Info: Likelihood evaluated with multiple threads: false
┌ Info: Starting values not provided for all parameters! Guessing starting point using global optimization:
│   num_params = 49
└   num_fixed = 0
┌ Warning: The initial guess parameters fell outside the 0.00001 or 0.9999 quantile range of the priors, so global optimization search is disabled. Returning initial guess only, which may be far from the global mode.
└ @ Octofitter ~/projects/def-vhenault/kenzhayd/Octofitter_imbh.jl/src/initialization.jl:553
┌ Info: Found sample of initial positions
│   logpost_range = (-10591.920796039065, -10586.85726575712)
└   mean_logpost = -10586.94840930219
────────────────────────────────────────────────────────────────────────────────────────────────────────────────────────
  scans     restarts      Λ        Λ_var      time(s)    allc(B)  log(Z₁/Z₀)   min(α)     mean(α)    min(αₑ)   mean(αₑ) 
────────── ────────── ────────── ────────── ────────── ────────── ────────── ────────── ────────── ────────── ──────────
        2          0       11.4       10.6       1.06   7.71e+07  -1.33e+07          0      0.943          1          1 
        4          0       14.4       13.7      0.617   2.78e+06  -9.93e+05          0      0.927          1          1 
        8          0       15.6       17.2       1.25   5.63e+06  -6.48e+04          0      0.914      0.999          1 
       16          0       16.5       16.7       2.49   1.15e+07  -1.39e+04          0      0.913          1          1 
       32          0       20.2       20.3       5.15   2.04e+07  -1.02e+04   6.84e-64      0.894          1          1 
       64          0       21.8       16.3       12.4   3.04e+09  -7.86e+03    4.2e-10      0.901          1          1 
      128          0       28.9       14.8       23.9   6.43e+09     -1e+04     0.0539      0.886          1          1 
      256          0       37.1       16.2       46.5   1.14e+10  -6.99e+03      0.276      0.861          1          1 
      512          1       46.6       27.9       89.4   2.08e+10  -3.63e+03      0.516      0.806          1          1 
 1.02e+03          5       49.7       34.5        180   4.46e+10  -2.59e+03      0.592       0.78          1          1 
 2.05e+03          4       46.1       31.3        365   9.33e+10  -1.14e+03      0.603      0.798          1          1 
  4.1e+03          4       34.3       24.8        717   1.84e+11       -285      0.674      0.846          1          1 
 8.19e+03          4       30.8       22.9   1.39e+03   3.45e+11       -207      0.804       0.86          1          1 
 1.64e+04         31       31.1       21.8   2.75e+03   6.79e+11       -197      0.828      0.862          1          1 
 3.28e+04         82       31.4       21.3   5.46e+03   1.35e+12       -190      0.805      0.862          1          1 
 6.55e+04        178       31.5       21.1   1.08e+04   2.67e+12       -188      0.816      0.863          1          1 
────────────────────────────────────────────────────────────────────────────────────────────────────────────────────────
MCMC chain (65536×83×1 Array{Float64, 3})
PT exec folder (intermediate checkpoints): /home/kenzhayd/projects/def-vhenault/kenzhayd/Ocen_IMBH_Mock_Analysis/launch_scripts/results/all/2026-05-24-06-44-41-TDlvWlkz
PT location written to: /home/kenzhayd/projects/def-vhenault/kenzhayd/Ocen_IMBH_Mock_Analysis/configs/../mock_results/run_outputs/starsACDEF_192c_16r_13090670_pt_location.txt
Loaded configuration from: /home/kenzhayd/projects/def-vhenault/kenzhayd/Ocen_IMBH_Mock_Analysis/mock_results/run_outputs/starsACDEF_192c_16r_13090670_summary.md
Reference epoch: 55197.0 MJD (2010.0 yr)
Loaded chain: /home/kenzhayd/projects/def-vhenault/kenzhayd/Ocen_IMBH_Mock_Analysis/configs/../mock_results/run_outputs/starsACDEF_192c_16r_13090670_chain.fits
MCMC chain (65536×83×1 Array{Float64, 3})
Star names from summary: A, C, D, E, F
Loading exact fit observations from: /home/kenzhayd/projects/def-vhenault/kenzhayd/Ocen_IMBH_Mock_Analysis/mock_results/run_outputs/starsACDEF_192c_16r_13090670_observations.toml
[ Info: Preparing model
┌ Info: Determined number of free variables
└   D = 49
┌ Info: Determined number type
└   T = Float64
ℓπcallback(θ): 0.000044 seconds
∇ℓπcallback(θ): 0.002963 seconds (6 allocations: 180.969 KiB)

=== Posterior summaries (median, 68% CI) ===
Param                     Median  [     16%,      84%]
M_IMBH [10⁴ M☉]            8.177  [   7.078,    9.219]
plx [mas]                  0.190  [   0.186,    0.194]
offsetx [mas]            -60.639  [-204.583,  159.454]
offsety [mas]            128.757  [  12.601,  273.732]
A: a [AU]               2572.020  [2051.293, 3429.520]
A: e                       0.159  [   0.038,    0.476]
A: i [°]                 144.509  [  99.382,  163.818]
A: ω [°]                  42.712  [ -99.090,  124.992]
A: Ω [°]                 -29.174  [ -61.661,  136.237]
C: a [AU]               6143.660  [4043.227, 8199.679]
C: e                       0.158  [   0.041,    0.389]
C: i [°]                  77.609  [  72.746,   82.242]
C: ω [°]                 -62.896  [-134.955,   90.640]
C: Ω [°]                -127.070  [-133.444,   49.185]
D: a [AU]               6235.735  [2816.285, 10325.406]
D: e                       0.315  [   0.098,    0.924]
D: i [°]                  84.683  [  78.728,   94.184]
D: ω [°]                  15.343  [ -92.468,  116.447]
D: Ω [°]                 -55.569  [ -63.608,  122.131]
E: a [AU]               2802.102  [1972.300, 10432.441]
E: e                       0.295  [   0.044,    0.833]
E: i [°]                  76.026  [  75.061,   77.626]
E: ω [°]                  -6.814  [-122.725,  120.857]
E: Ω [°]                 129.609  [ 100.671,  149.152]
F: a [AU]              11353.241  [9918.737, 12870.654]
F: e                       0.095  [   0.030,    0.219]
F: i [°]                  28.676  [  16.089,   37.450]
F: ω [°]                 -93.352  [-151.976,  105.909]
F: Ω [°]                -129.600  [-137.898,  -75.029]

Generating corner plot...
Corner plot saved.
Generating orbit panels...
Orbit panels saved.
Generating posterior panels...
Posterior panels saved.
Generating plausibility diagnostics...
Plausibility diagnostics saved.
Generating phase / acceleration-alignment diagnostics...
Phase / acceleration alignment diagnostics saved.
Generating RV consistency check...
RV consistency check saved.
Generating acceleration posterior predictive check...
Acceleration posterior predictive check saved.
Generating IMBH position overlay figure...
IMBH position overlay figure saved.
Generating 3D orbit animation...
3D orbit animation saved to: /home/kenzhayd/projects/def-vhenault/kenzhayd/Ocen_IMBH_Mock_Analysis/mock_results/run_outputs/starsACDEF_192c_16r_13090670_orbits_3d.mp4
3D still frame (dark) saved to: /home/kenzhayd/projects/def-vhenault/kenzhayd/Ocen_IMBH_Mock_Analysis/mock_results/run_outputs/starsACDEF_192c_16r_13090670_orbits_3d_still_dark.png
3D orbit animation (light) saved to: /home/kenzhayd/projects/def-vhenault/kenzhayd/Ocen_IMBH_Mock_Analysis/mock_results/run_outputs/starsACDEF_192c_16r_13090670_orbits_3d_light.mp4
3D still frame (light) saved to: /home/kenzhayd/projects/def-vhenault/kenzhayd/Ocen_IMBH_Mock_Analysis/mock_results/run_outputs/starsACDEF_192c_16r_13090670_orbits_3d_still.png
Generating residuals figure...
Residuals figure saved.
Posterior stats saved to: /home/kenzhayd/projects/def-vhenault/kenzhayd/Ocen_IMBH_Mock_Analysis/mock_results/run_outputs/starsACDEF_192c_16r_13090670_posterior_stats.txt

Done. All plots written to: /home/kenzhayd/projects/def-vhenault/kenzhayd/Ocen_IMBH_Mock_Analysis/mock_results/run_outputs
