Loaded config: /home/kenzhayd/projects/def-vhenault/kenzhayd/Ocen_IMBH_Mock_Analysis/configs/mock_default_2.toml
Mock data fitting: generating synthetic data from config parameterset
[ Info: Preparing model
┌ Info: Determined number of free variables
└   D = 49
┌ Info: Determined number type
└   T = Float64
ℓπcallback(θ): 0.000046 seconds
∇ℓπcallback(θ): 0.002197 seconds (7 allocations: 181.062 KiB)
Observations written to /home/kenzhayd/projects/def-vhenault/kenzhayd/Ocen_IMBH_Mock_Analysis/configs/../mock_results/run_outputs/starsACDEF_192c_18r_13007260_observations.toml
Run summary written to /home/kenzhayd/projects/def-vhenault/kenzhayd/Ocen_IMBH_Mock_Analysis/configs/../mock_results/run_outputs/starsACDEF_192c_18r_13007260_summary.md
┌ Warning: This model has priors that cannot be sampled IID.
└ @ OctofitterPigeonsExt ~/projects/def-vhenault/kenzhayd/Octofitter_imbh.jl/ext/OctofitterPigeonsExt/OctofitterPigeonsExt.jl:105
[ Info: Sampler running with multiple threads     : true
[ Info: Likelihood evaluated with multiple threads: false
┌ Info: Starting values not provided for all parameters! Guessing starting point using global optimization:
│   num_params = 49
└   num_fixed = 0
┌ Warning: The initial guess parameters fell outside the 0.00001 or 0.9999 quantile range of the priors, so global optimization search is disabled. Returning initial guess only, which may be far from the global mode.
└ @ Octofitter ~/projects/def-vhenault/kenzhayd/Octofitter_imbh.jl/src/initialization.jl:553
┌ Info: Found sample of initial positions
│   logpost_range = (-656.3598520035199, -638.7244111620898)
└   mean_logpost = -647.9321761409437
────────────────────────────────────────────────────────────────────────────────────────────────────────────────────────
  scans     restarts      Λ        Λ_var      time(s)    allc(B)  log(Z₁/Z₀)   min(α)     mean(α)    min(αₑ)   mean(αₑ) 
────────── ────────── ────────── ────────── ────────── ────────── ────────── ────────── ────────── ────────── ──────────
        2          0       6.82       7.25       1.22   7.32e+07  -1.47e+07          0      0.963          1          1 
        4          0       17.5       17.7      0.688   2.77e+06       -908          0      0.908          1          1 
        8          0         22       21.3       1.35   5.55e+06       -579   3.71e-35      0.887          1          1 
       16          0       25.5       22.4        2.7   1.11e+07       -533   0.000131      0.875          1          1 
       32          0       26.9       25.7       5.56   1.95e+07       -521      0.294      0.863          1          1 
       64          0       27.7       16.1       13.4   3.18e+09   6.27e+03      0.511      0.885          1          1 
      128          0       28.6       15.6       26.2    6.6e+09       -685      0.736      0.885          1          1 
      256          0       30.2       16.8       52.4   1.33e+10       -656      0.717      0.877          1          1 
      512          0       30.8       17.4        105   2.66e+10       -624      0.765      0.874          1          1 
 1.02e+03          1       31.7       17.7        206   5.35e+10       -589       0.72      0.871          1          1 
 2.05e+03          4       32.7       21.7        402   1.02e+11       -526      0.499      0.858          1          1 
  4.1e+03          2       33.3       26.4        804   1.96e+11       -458      0.747      0.844          1          1 
 8.19e+03          6       33.9       27.7   1.58e+03   3.73e+11       -375      0.729      0.839          1          1 
 1.64e+04         21       33.5       25.6   3.08e+03   7.21e+11       -265      0.793      0.846          1          1 
 3.28e+04         36       32.5       23.1   6.12e+03   1.39e+12       -217       0.78      0.855          1          1 
 6.55e+04         40       32.1       23.3   1.19e+04   2.76e+12       -203       0.82      0.855          1          1 
 1.31e+05        110       32.1       22.1   2.32e+04   5.48e+12       -189      0.811      0.859          1          1 
